<?xml version="1.0" encoding="UTF-8"?>
<testng-results skipped="0" failed="0" ignored="0" total="1" passed="1">
  <reporter-output>
  </reporter-output>
  <suite name="Suite" duration-ms="29828" started-at="2022-01-06T09:35:42Z" finished-at="2022-01-06T09:36:12Z">
    <groups>
    </groups>
    <test name="Test" duration-ms="29828" started-at="2022-01-06T09:35:42Z" finished-at="2022-01-06T09:36:12Z">
      <class name="com.test.TC_001">
        <test-method status="PASS" signature="openFB()[pri:0, instance:com.test.TC_001@4f638935]" name="openFB" duration-ms="29710" started-at="2022-01-06T09:35:43Z" finished-at="2022-01-06T09:36:12Z">
          <reporter-output>
          </reporter-output>
        </test-method> <!-- openFB -->
      </class> <!-- com.test.TC_001 -->
    </test> <!-- Test -->
  </suite> <!-- Suite -->
</testng-results>
