<?xml version="1.0" encoding="UTF-8"?>
<testng-results skipped="0" failed="0" ignored="0" total="2" passed="2">
  <reporter-output>
  </reporter-output>
  <suite name="Default suite" duration-ms="24904" started-at="2022-01-06T15:44:53 IST" finished-at="2022-01-06T15:45:18 IST">
    <groups>
    </groups>
    <test name="Default test" duration-ms="24904" started-at="2022-01-06T15:44:53 IST" finished-at="2022-01-06T15:45:18 IST">
      <class name="com.test.TC_001">
        <test-method status="PASS" signature="openFB()[pri:1, instance:com.test.TC_001@22eeefeb]" name="openFB" duration-ms="15007" started-at="2022-01-06T15:44:53 IST" finished-at="2022-01-06T15:45:08 IST">
          <reporter-output>
          </reporter-output>
        </test-method> <!-- openFB -->
        <test-method status="PASS" signature="openGit()[pri:2, instance:com.test.TC_001@22eeefeb]" name="openGit" duration-ms="9793" started-at="2022-01-06T15:45:08 IST" finished-at="2022-01-06T15:45:18 IST">
          <reporter-output>
          </reporter-output>
        </test-method> <!-- openGit -->
      </class> <!-- com.test.TC_001 -->
    </test> <!-- Default test -->
  </suite> <!-- Default suite -->
</testng-results>
