<?xml version="1.0" encoding="UTF-8"?>
<testng-results skipped="0" failed="0" ignored="0" total="1" passed="1">
  <reporter-output>
  </reporter-output>
  <suite name="Suite" duration-ms="10463" started-at="2022-01-05T15:53:14 IST" finished-at="2022-01-05T15:53:25 IST">
    <groups>
    </groups>
    <test name="Test" duration-ms="10463" started-at="2022-01-05T15:53:14 IST" finished-at="2022-01-05T15:53:25 IST">
      <class name="com.test.TC_001">
        <test-method status="PASS" signature="openFB()[pri:0, instance:com.test.TC_001@a74868d]" name="openFB" duration-ms="10379" started-at="2022-01-05T15:53:14 IST" finished-at="2022-01-05T15:53:24 IST">
          <reporter-output>
          </reporter-output>
        </test-method> <!-- openFB -->
      </class> <!-- com.test.TC_001 -->
    </test> <!-- Test -->
  </suite> <!-- Suite -->
</testng-results>
